{
  "RSpec": {
    "coverage": {
      "/home/eager-metric-5960/tic-tac-toe-rb-online-web-sp-000/lib/tic_tac_toe.rb": [
        null,
        1,
        null,
        null,
        null,
        null,
        null,
        null,
        null,
        null,
        null,
        1,
        15,
        15,
        15,
        15,
        15,
        null,
        null,
        1,
        17,
        null,
        null,
        1,
        16,
        null,
        null,
        1,
        19,
        null,
        null,
        1,
        17,
        null,
        null,
        1,
        15,
        15,
        135,
        11,
        null,
        null,
        15,
        null,
        null,
        1,
        14,
        14,
        10,
        null,
        4,
        null,
        14,
        null,
        null,
        1,
        14,
        14,
        14,
        14,
        13,
        13,
        13,
        null,
        1,
        null,
        null,
        null,
        1,
        36,
        221,
        221,
        221,
        null,
        221,
        221,
        221,
        null,
        221,
        10,
        211,
        4,
        null,
        null,
        22,
        null,
        null,
        1,
        23,
        109,
        95,
        null,
        14,
        null,
        null,
        null,
        null,
        1,
        17,
        7,
        null,
        10,
        null,
        null,
        null,
        1,
        14,
        9,
        null,
        5,
        null,
        null,
        null,
        1,
        6,
        6,
        6,
        null,
        null,
        5,
        3,
        null,
        2,
        null,
        null,
        null,
        null,
        1,
        11,
        11,
        null,
        null,
        11,
        4,
        7,
        3,
        null,
        null
      ]
    },
    "timestamp": 1584858541
  }
}
